<?xml version="1.0" encoding="UTF-8"?>
<!-- Generated by org.testng.reporters.JUnitReportReporter -->
<testsuite skipped="0" hostname="DESKTOP-HRJ6L3P" name="Sumvalidation" tests="1" failures="0" timestamp="2021-01-09T22:18:43 IST" time="1.085" errors="0">
  <testcase name="sumvalidate" time="1.085" classname="Sumvalidation"/>
  <system-out/>
</testsuite> <!-- Sumvalidation -->
