<?xml version="1.0" encoding="UTF-8"?>
<!-- Generated by org.testng.reporters.JUnitReportReporter -->
<testsuite skipped="0" hostname="DESKTOP-HRJ6L3P" name="DynamicJson" tests="6" failures="0" timestamp="2021-01-11T00:14:22 IST" time="2.110" errors="0">
  <testcase name="deletebooks" time="0.123" classname="DynamicJson"/>
  <system-out/>
  <testcase name="addbook" time="1.539" classname="DynamicJson"/>
  <system-out/>
  <testcase name="deletebooks" time="0.115" classname="DynamicJson"/>
  <system-out/>
  <testcase name="deletebooks" time="0.111" classname="DynamicJson"/>
  <system-out/>
  <testcase name="addbook" time="0.111" classname="DynamicJson"/>
  <system-out/>
  <testcase name="addbook" time="0.111" classname="DynamicJson"/>
  <system-out/>
</testsuite> <!-- DynamicJson -->
